17:46:23.821 [main] INFO  GenerateLogData$ - Log data generator started...
17:46:24.045 [main] WARN  HelperUtils.Parameters$ - Max count 100 is used to create records instead of timeouts
17:46:25.485 [scala-execution-context-global-25] WARN  HelperUtils.Parameters$ - s%]s,+2k|D}K7b/XCwG&@7HDPR8z
17:46:34.885 [scala-execution-context-global-25] INFO  HelperUtils.Parameters$ - ;kNI&V%v<c#eSDK@lPY(
17:46:39.745 [scala-execution-context-global-25] INFO  HelperUtils.Parameters$ - l9]|92!uHUQ/IVcz~(;.Uz%K*5jTUd08
17:46:44.035 [scala-execution-context-global-25] INFO  HelperUtils.Parameters$ - G3sw7^U<^q^Cl!aMTDbNz<:$;?e<.0JD_'
17:46:47.122 [scala-execution-context-global-25] WARN  HelperUtils.Parameters$ - A><YFqpg+~"E1T
17:46:52.029 [scala-execution-context-global-25] DEBUG HelperUtils.Parameters$ - JrQB;P0"&+6;&Dk-
17:46:54.574 [scala-execution-context-global-25] INFO  HelperUtils.Parameters$ - OsI1`qAeU5H;\+
17:47:02.071 [scala-execution-context-global-25] INFO  HelperUtils.Parameters$ - [h!Q9PEY>L(NpKLBO"Gjo:=4kRXQ_tZ!
17:47:07.042 [scala-execution-context-global-25] INFO  HelperUtils.Parameters$ - B?y&C"C5rsb:2037;f&|vM#x?z|Ny|&<44Z8B&rF1#&M
17:47:15.353 [scala-execution-context-global-25] WARN  HelperUtils.Parameters$ - x2oBSI0/\%CdfV2%ChSsnZ7vJo=2qJqZ%."kbc!0ne`y&m
17:47:23.501 [scala-execution-context-global-25] ERROR HelperUtils.Parameters$ - ihu}!A2]*07}|,lc
17:47:32.221 [scala-execution-context-global-25] INFO  HelperUtils.Parameters$ - CC]>~R#,^#0JWyESarZdETDcvk)Yk'I?
17:47:37.791 [scala-execution-context-global-25] WARN  HelperUtils.Parameters$ - Swq;g+6M:?820=Gmd#.p)sFaqoKc^mm](.A8Z-4-].tp|cfR\~rc(m^{
17:47:43.448 [scala-execution-context-global-25] INFO  HelperUtils.Parameters$ - zXK=Fze%-6Iv-^q{zhG|EUzvd);tOj-:
17:47:52.104 [scala-execution-context-global-25] INFO  HelperUtils.Parameters$ - ^<A>61@{3[KEk@M/Xh-q%sco3Dkwq~
17:47:54.973 [scala-execution-context-global-25] WARN  HelperUtils.Parameters$ - Bv^B8Re'$VG)[P".g*?f<G\l5n.18B|i<E&rgPQZ;wBeA{4O/fy+Pp
17:48:03.468 [scala-execution-context-global-25] WARN  HelperUtils.Parameters$ - k1H+R#/%d0>Q>N:6\enT]U
17:48:10.526 [scala-execution-context-global-25] INFO  HelperUtils.Parameters$ - 8G;,3m_T`G#H]&Yh:Ei1%fp''5`ce1cg1U6vbe3bg3cf2%<Bqz8fMm#{JWqMdoc_2N/|wf8]
17:48:16.685 [scala-execution-context-global-25] DEBUG HelperUtils.Parameters$ - <)d7+G=5V$T""[,YOc:Hde#K-vkz
17:48:21.397 [scala-execution-context-global-25] WARN  HelperUtils.Parameters$ - b`b~$N_y#^'i4r*#2Sg0z>U&X]*~0<3@>@Gs(RgOk-
17:48:23.663 [scala-execution-context-global-25] INFO  HelperUtils.Parameters$ - ?T4UmY6BeFauO${']Y>Vk2QK"G-*,S;bfQ_)cP*m%c
17:48:32.992 [scala-execution-context-global-25] DEBUG HelperUtils.Parameters$ - ^=x)`dnJ/4MM
17:48:36.698 [scala-execution-context-global-25] INFO  HelperUtils.Parameters$ - Y+4NK^)}<p&8G@_N(4]cmrouA1NQ'1+C=!C0+8Msl$*C1Z
17:48:42.852 [scala-execution-context-global-25] INFO  HelperUtils.Parameters$ - <F>is3L8kN7tbg2K8nB5g>*h^[^
17:48:51.941 [scala-execution-context-global-25] INFO  HelperUtils.Parameters$ - 9qf\1KXe#xTR\k8I3VA~q(
17:48:54.606 [scala-execution-context-global-25] INFO  HelperUtils.Parameters$ - E%c}ZUSGskRDC&2asugA[G<,0%QH
17:49:00.110 [scala-execution-context-global-25] WARN  HelperUtils.Parameters$ - ,HrE^so\/!JxvYDIC+p~#e;*C^&RT.o'{X<'KTjsw(PkyBlX:oWzz%%'
17:49:04.099 [scala-execution-context-global-25] INFO  HelperUtils.Parameters$ - vee$KbK{e'R1q\qtLX5M
17:49:12.334 [scala-execution-context-global-25] INFO  HelperUtils.Parameters$ - /lIp6s1mw,['Is8=d"pw6wBm-yo`X:-X%;
17:49:13.425 [scala-execution-context-global-25] WARN  HelperUtils.Parameters$ - Q?a8{Kx$VhdS^q+>B@8f$^^4A~
17:49:23.087 [scala-execution-context-global-25] ERROR HelperUtils.Parameters$ - vK6Qrm#PI:-^5$"?i
17:49:24.377 [scala-execution-context-global-25] WARN  HelperUtils.Parameters$ - =Y)q*`4D+TY?5JC8ODu@'6"0
17:49:29.169 [scala-execution-context-global-25] WARN  HelperUtils.Parameters$ - 9!K%B0)}q0$P+`3Q=Poz\;d2@XeZm;s{Ta'LaHt`B"s#
17:49:32.989 [scala-execution-context-global-25] INFO  HelperUtils.Parameters$ - :Kn7cW>2e-X_AQ6*M+p88[
17:49:37.281 [scala-execution-context-global-25] INFO  HelperUtils.Parameters$ - -cT(6)'1|H1X=[U?KjbQnanOY7?K
17:49:38.621 [scala-execution-context-global-25] INFO  HelperUtils.Parameters$ - vRO,PWE8Pdr`8jI"45F|'3q}ZMIJ|a3a`p%v7$$'h,/dQm:&<$ed$\OcN`E9
17:49:45.870 [scala-execution-context-global-25] WARN  HelperUtils.Parameters$ - D9Q;dBs57sF&qhzT0!Smf-Fv
17:49:48.415 [scala-execution-context-global-25] WARN  HelperUtils.Parameters$ - !J!c@#<8AqWMH.
17:49:54.740 [scala-execution-context-global-25] DEBUG HelperUtils.Parameters$ - r6#p*c!+iQ)B'Y~<d(0b\SG<l(~8~}A2
17:50:02.991 [scala-execution-context-global-25] INFO  HelperUtils.Parameters$ - b]q(SD2`\nUrxPXbQc[CV5kag0bf1T9kae0Z5lae2P9hU5vbf2R6jbe0be1cf2S7kF?S5eNzq58,Hr85EU+0p
17:50:07.082 [scala-execution-context-global-25] WARN  HelperUtils.Parameters$ - yU1Wn.s}DIN@$#E(z5+@CVb89It.|j{LM^=YncR!c4
17:50:08.561 [scala-execution-context-global-25] INFO  HelperUtils.Parameters$ - ^`oL:F&6Do8%\6jm`\v4<Ic/o#Xw^i%9*.
17:50:10.921 [scala-execution-context-global-25] INFO  HelperUtils.Parameters$ - ,\XT,P(rIn'YBqn7hZ/E7[O4Xx8;!K!q
17:50:17.758 [scala-execution-context-global-25] INFO  HelperUtils.Parameters$ - 8wO61+&$6@\kDQdk`T]G:vlBanLK-rm[~6:%6ccETs8mV6
17:50:19.411 [scala-execution-context-global-25] DEBUG HelperUtils.Parameters$ - E/~$J)-`CfEq
17:50:27.275 [scala-execution-context-global-25] WARN  HelperUtils.Parameters$ - g&T@"$oyEeJtq:*;-}_al@<b]t{B
17:50:35.479 [scala-execution-context-global-25] INFO  HelperUtils.Parameters$ - rg511'vbL@mnJQ@NQ-"G*/qWPzR9#Gy,`;y,A`57uT+y#SHcz'2rvZ$/,gle
17:50:41.766 [scala-execution-context-global-25] INFO  HelperUtils.Parameters$ - ((5iCPJAAUffGlizq=fv?`U?KjS0Wn6c`kxR+j*oE)Xc
17:50:50.016 [scala-execution-context-global-25] INFO  HelperUtils.Parameters$ - 9$?Gh^rac&;:)=!f$T-obrTBGgwa9i2mmqk0t^
17:50:54.477 [scala-execution-context-global-25] INFO  HelperUtils.Parameters$ - t]"FG3J2o.&=x|Aw`XwMV|T+10PUaLIv^CkbLUNF%q
17:50:59.456 [scala-execution-context-global-25] INFO  HelperUtils.Parameters$ - VM_WT[l={Zl$
17:51:07.424 [scala-execution-context-global-25] INFO  HelperUtils.Parameters$ - qSy_Pi}#rq&ek/C#'1ZV(KaBHnZ+CS{g7\P*w6
17:51:17.259 [scala-execution-context-global-25] INFO  HelperUtils.Parameters$ - Z{ouge4Q-tBnK@!B=p5mFhr@EuzTEtB|qVZNj]kK&=lb\]V#61k//l
17:51:19.654 [scala-execution-context-global-25] INFO  HelperUtils.Parameters$ - ^{TX]|2W/9`+)3Mwmc[f.r.Y%C>Y!CBAI(.$ZpY:Y)~qcd[Ip-8|<,gE+gss
17:51:29.593 [scala-execution-context-global-25] WARN  HelperUtils.Parameters$ - ~$B3O2a($Ebq4m
17:51:34.173 [scala-execution-context-global-25] WARN  HelperUtils.Parameters$ - [Xk~8X>V#YR1dpoZk3.*8Tf!
17:51:43.611 [scala-execution-context-global-25] INFO  HelperUtils.Parameters$ - <hC^.bN(U"xt!=F\<bVH7lbg0P8hcf0Q6fwlf-D_p//~67XKb(50k
17:51:53.513 [scala-execution-context-global-25] INFO  HelperUtils.Parameters$ - H:E5547qGX?Yj^42.6eF*|?IpVf$-W
17:51:59.532 [scala-execution-context-global-25] WARN  HelperUtils.Parameters$ - $NI7XXiLYp(6~bN@OJ|*QYMUz5'jA5`wR;/@Qi"Fr)\WgE@hKq?Dq;
17:52:06.074 [scala-execution-context-global-25] WARN  HelperUtils.Parameters$ - YdwWS7[\@8p2:.Ts
17:52:09.528 [scala-execution-context-global-25] INFO  HelperUtils.Parameters$ - {':Qw#r[n@d|B*{fSauq=V#jn#
17:52:15.255 [scala-execution-context-global-25] INFO  HelperUtils.Parameters$ - kzkB2n#;`~A}&<Jke"p{K-JQt{~z;%Xr\V%"G6p!9?pOa?,lc&
17:52:18.895 [scala-execution-context-global-25] INFO  HelperUtils.Parameters$ - 3-gOk$d5pO@RqvQqs\|?b\9v,#wwoO#8eXh3NV48ZgnC%aoAsHCFZNb{;0
17:52:28.551 [scala-execution-context-global-25] DEBUG HelperUtils.Parameters$ - |Vi`.7JzV#b"a,)Hnw&H-M
17:52:34.705 [scala-execution-context-global-25] INFO  HelperUtils.Parameters$ - R"q8#E!}qXns9["#F\E+*"aai/CoE-$'THG*qQZ"2BQ<CCJWQ\6r~`N1
17:52:36.123 [scala-execution-context-global-25] INFO  HelperUtils.Parameters$ - d>sFKhbnU7)qBoHlg!.F<(8[{hf!OY?t.l.l
17:52:42.416 [scala-execution-context-global-25] INFO  HelperUtils.Parameters$ - oO.n,@X~-oozAgC=la2xQi,'v<;K.(&!@$ly6@r55LzJ8#;eBH~Z=+
17:52:44.472 [scala-execution-context-global-25] INFO  HelperUtils.Parameters$ - FwS9nKOBIrGluMf-3z$:
17:52:53.247 [scala-execution-context-global-25] INFO  HelperUtils.Parameters$ - YVZSQY1V7`Tv)gaQ,)7xF1lnE^S:*1B^
17:52:59.666 [scala-execution-context-global-25] INFO  HelperUtils.Parameters$ - WpUZ}Q5~m3}(*\A!GRz@[ZiGN/q7);Js-h
17:53:03.944 [scala-execution-context-global-25] WARN  HelperUtils.Parameters$ - #.E+bI_aI6K<5^Z|JL!Ra"b^?1;f~n\>S`2{&P1nEz/PoH!fkd|Ml:
17:53:05.311 [scala-execution-context-global-25] INFO  HelperUtils.Parameters$ - D:rA;Tu])yQD7'L1(^DTOd
17:53:10.029 [scala-execution-context-global-25] WARN  HelperUtils.Parameters$ - -0p|@0#9T<[=6ca:IIWmh+'Y[q{|oTP%
17:53:15.093 [scala-execution-context-global-25] INFO  HelperUtils.Parameters$ - SNRV:Gc[5<Cs*+
17:53:17.565 [scala-execution-context-global-25] INFO  HelperUtils.Parameters$ - ~&m9;OnLQC9R~O:o8I9gV9kbg2bf2bg1BnG/R%]*FTMpij=F#
17:53:26.797 [scala-execution-context-global-25] INFO  HelperUtils.Parameters$ - ^+l,c)D@LW^jpOeL*~jX*g|MaZY0^o=)ntt."JI(IUO>8RYD4@9Q&voY
17:53:32.249 [scala-execution-context-global-25] INFO  HelperUtils.Parameters$ - {zN>U*OzE(x3YLI0|+)5XRI"9JU.
17:53:42.247 [scala-execution-context-global-25] WARN  HelperUtils.Parameters$ - 5d4,z{hp'VhAwA7rK8obe1bf1M8hR6jaf3!b^R`Z[Ue'`na
17:53:51.676 [scala-execution-context-global-25] INFO  HelperUtils.Parameters$ - ({4B?5^2WOwpeQx]89s7
17:53:54.430 [scala-execution-context-global-25] INFO  HelperUtils.Parameters$ - &#hnl:p}m1PWWI.]
17:53:57.741 [scala-execution-context-global-25] INFO  HelperUtils.Parameters$ - 4@#]2Oi(<s#URcGG%Z4J;I3PMf*Pu9ssK=%2
17:53:58.988 [scala-execution-context-global-25] INFO  HelperUtils.Parameters$ - (B")GV6=*yGzTYN#d'qlGh!S[rIm(Y}bC+g#wKp8@xh8n?0VtsW@?Y'|
17:54:00.374 [scala-execution-context-global-25] WARN  HelperUtils.Parameters$ - p_3lFszLsD9o<O5xt{#N7*?L5"QIz)Z3Hkl/<7%:|1h0a-ouDbhO
17:54:03.760 [scala-execution-context-global-25] INFO  HelperUtils.Parameters$ - D+>btj5#Ji3tlUY2bp@MvF6Uw/uR-BRU/]MgxSO/ZL["OP.,I?oX
17:54:07.807 [scala-execution-context-global-25] WARN  HelperUtils.Parameters$ - _0vze77{;iScqdFzmShM/9
17:54:15.325 [scala-execution-context-global-25] WARN  HelperUtils.Parameters$ - /)FO}A"Q'0O4
17:54:18.739 [scala-execution-context-global-25] INFO  HelperUtils.Parameters$ - wK+7z,pK]\F{sLk"L`
17:54:22.222 [scala-execution-context-global-25] INFO  HelperUtils.Parameters$ - zOd@(rMC|%b;"XU4zWR0JU5Qlq2%e\ID(o9"(gHC&teWPu
17:54:28.238 [scala-execution-context-global-25] INFO  HelperUtils.Parameters$ - h`1ayPYnt!,46J8YHGv([9MxV-cO,0D+'JTt<*}*:ucq-)
17:54:38.097 [scala-execution-context-global-25] INFO  HelperUtils.Parameters$ - @@#ph)lEFAU+21j8e@"d(pA@SJ$5UlgTi(!3`/kvvG
17:54:40.764 [scala-execution-context-global-25] INFO  HelperUtils.Parameters$ - {2X6yln]@XCZhBlGsC/,aZLH7Dg<S8eWlf7B8[DMs{mrH/^^;?XFpI\a~A
17:54:42.763 [scala-execution-context-global-25] INFO  HelperUtils.Parameters$ - E4T#S'k,.;[RF&XX47l(k~r\3e
17:54:46.936 [scala-execution-context-global-25] INFO  HelperUtils.Parameters$ - 5u%C5IWvZ_K2,'e^
17:54:49.919 [scala-execution-context-global-25] INFO  HelperUtils.Parameters$ - =/8&gv:Ki<Q{dwx'Q-]-G&#d&POUQo
17:54:58.230 [scala-execution-context-global-25] WARN  HelperUtils.Parameters$ - \e:.'Qp2s@SevI_H<DeD)bY*aiJAdy<!CLx~l05#
17:55:03.881 [scala-execution-context-global-25] WARN  HelperUtils.Parameters$ - 1__#}4*0~i-m9T')$rZ{B=/o
17:55:11.446 [scala-execution-context-global-25] INFO  HelperUtils.Parameters$ - z3CWn,=0B"-~To.,?CApzk,,'2
17:55:17.022 [scala-execution-context-global-25] INFO  HelperUtils.Parameters$ - NGQ)wo.@zf9ftU"t9tg~T<2=/mL%PHBok&KkQt
17:55:25.481 [scala-execution-context-global-25] DEBUG HelperUtils.Parameters$ - o^B$YGoF!BC~gRaWg7PmW~07}N6<
17:55:31.393 [scala-execution-context-global-25] INFO  HelperUtils.Parameters$ - gnk^Y:}>g.Eb9$U{@:tH<}g`#dL>zG4F]bMb0@SUCR^|-t
17:55:31.393 [main] INFO  GenerateLogData$ - Log data generation has completed after generating 100 records.
